[2025-07-06 03:38:02] [WARNING] Secreto con formato inválido: root2415
[2025-07-06 03:39:10] [WARNING] Secreto con formato inválido: root2415
[2025-07-06 03:44:35] [WARNING] Secreto con formato inválido: root2415
[2025-07-06 03:44:36] [WARNING] Secreto con formato inválido: root2415
[2025-07-06 03:44:36] [WARNING] Secreto con formato inválido: root2415
[2025-07-06 03:44:37] [WARNING] Secreto con formato inválido: root2415
[2025-07-06 03:44:37] [WARNING] Secreto con formato inválido: root2415
[2025-07-06 03:45:25] [WARNING] Secreto con formato inválido: root2415
[2025-07-06 03:45:26] [WARNING] Secreto con formato inválido: root2415
[2025-07-06 03:45:26] [WARNING] Secreto con formato inválido: root2415
[2025-07-06 03:45:26] [WARNING] Secreto con formato inválido: root2415
[2025-07-06 03:45:26] [WARNING] Secreto con formato inválido: root2415
[2025-07-06 03:45:26] [WARNING] Secreto con formato inválido: root2415
[2025-07-06 03:45:27] [WARNING] Secreto con formato inválido: root2415
[2025-07-06 03:45:27] [WARNING] Secreto con formato inválido: root2415
[2025-07-06 03:45:27] [WARNING] Secreto con formato inválido: root2415
[2025-07-06 03:45:27] [WARNING] Secreto con formato inválido: root2415
[2025-07-06 03:45:27] [WARNING] Secreto con formato inválido: root2415
[2025-07-06 03:45:27] [WARNING] Secreto con formato inválido: root2415
[2025-07-06 03:45:28] [WARNING] Secreto con formato inválido: root2415
[2025-07-06 03:45:28] [WARNING] Secreto con formato inválido: root2415
[2025-07-06 03:45:28] [WARNING] Secreto con formato inválido: root2415
[2025-07-06 03:45:28] [WARNING] Secreto con formato inválido: root2415
[2025-07-06 03:46:55] [WARNING] Secreto con formato inválido: root2415
[2025-07-06 03:46:55] [WARNING] Usuario no encontrado: 
[2025-07-06 03:47:24] [WARNING] Secreto con formato inválido: root2514
[2025-07-06 03:47:24] [WARNING] Usuario no encontrado: 
[2025-07-06 03:49:19] [WARNING] Secreto con formato inválido: root2514
[2025-07-06 03:49:19] [WARNING] Usuario no encontrado: 
[2025-07-06 03:52:42] [WARNING] Secreto con formato inválido: root2514
[2025-07-06 03:52:42] [INFO] Usuario encontrado en base de datos: admin
[2025-07-06 03:52:42] [WARNING] Login fallido: contraseña incorrecta para el usuario: admin
[2025-07-06 03:53:44] [WARNING] Secreto con formato inválido: root2514
[2025-07-06 03:53:44] [INFO] Usuario encontrado en base de datos: admin
[2025-07-06 03:53:44] [WARNING] Login fallido: contraseña incorrecta para el usuario: admin
[2025-07-06 03:53:54] [WARNING] Secreto con formato inválido: root2514
[2025-07-06 03:53:54] [INFO] Usuario encontrado en base de datos: admin
[2025-07-06 03:53:54] [WARNING] Login fallido: contraseña incorrecta para el usuario: admin
[2025-07-06 03:54:08] [WARNING] Secreto con formato inválido: root2514
[2025-07-06 03:54:08] [INFO] Usuario encontrado en base de datos: admin
[2025-07-06 03:54:08] [WARNING] Login fallido: contraseña incorrecta para el usuario: admin
[2025-07-06 03:55:53] [WARNING] Secreto con formato inválido: root2514
[2025-07-06 03:55:53] [INFO] Usuario encontrado en base de datos: admin
[2025-07-06 03:55:53] [WARNING] Login fallido: contraseña incorrecta para el usuario: admin
[2025-07-06 03:56:27] [WARNING] Secreto con formato inválido: root2514
[2025-07-06 03:56:27] [INFO] Usuario encontrado en base de datos: admin
[2025-07-06 03:56:27] [WARNING] Login fallido: contraseña incorrecta para el usuario: admin
[2025-07-06 03:57:22] [WARNING] Secreto con formato inválido: root2514
[2025-07-06 03:57:22] [INFO] Usuario encontrado en base de datos: admin
[2025-07-06 03:57:22] [WARNING] Login fallido: contraseña incorrecta para el usuario: admin
[2025-07-06 03:57:22] [INFO] Intento de login registrado para el usuario: admin con resultado: 0
[2025-07-06 03:57:33] [WARNING] Secreto con formato inválido: root2514
[2025-07-06 03:57:33] [INFO] Usuario encontrado en base de datos: admin
[2025-07-06 03:57:33] [WARNING] Login fallido: contraseña incorrecta para el usuario: admin
[2025-07-06 03:57:33] [INFO] Intento de login registrado para el usuario: admin con resultado: 0
[2025-07-06 03:57:36] [WARNING] Secreto con formato inválido: opciones2415
[2025-07-06 03:57:36] [WARNING] Usuario no encontrado: root
[2025-07-06 03:57:38] [WARNING] Secreto con formato inválido: opciones2415
[2025-07-06 03:57:38] [WARNING] Usuario no encontrado: root
[2025-07-06 03:57:39] [WARNING] Secreto con formato inválido: opciones2415
[2025-07-06 03:57:39] [WARNING] Usuario no encontrado: root
[2025-07-06 03:57:39] [WARNING] Secreto con formato inválido: opciones2415
[2025-07-06 03:57:39] [WARNING] Usuario no encontrado: root
[2025-07-06 04:00:25] [WARNING] Secreto con formato inválido: root2514
[2025-07-06 04:00:25] [INFO] Usuario encontrado en base de datos: admin
[2025-07-06 04:01:38] [WARNING] Secreto con formato inválido: root2514
[2025-07-06 04:01:38] [INFO] Usuario encontrado en base de datos: admin
[2025-07-06 04:01:38] [WARNING] Login fallido: contraseña incorrecta para el usuario: admin
[2025-07-06 04:01:38] [INFO] Intento de login registrado para el usuario: admin con resultado: 0
[2025-07-06 04:01:46] [WARNING] Secreto con formato inválido: root2514
[2025-07-06 04:01:46] [INFO] Usuario encontrado en base de datos: admin
[2025-07-06 04:01:46] [WARNING] Login fallido: contraseña incorrecta para el usuario: admin
[2025-07-06 04:01:46] [INFO] Intento de login registrado para el usuario: admin con resultado: 0
[2025-07-06 04:02:10] [WARNING] Secreto con formato inválido: root2514
[2025-07-06 04:02:10] [INFO] Usuario encontrado en base de datos: admin
[2025-07-06 04:02:10] [WARNING] Login fallido: contraseña incorrecta para el usuario: admin
[2025-07-06 04:02:10] [INFO] Intento de login registrado para el usuario: admin con resultado: 0
[2025-07-06 04:03:15] [WARNING] Secreto con formato inválido: root2514
[2025-07-06 04:03:15] [INFO] Usuario encontrado en base de datos: admin
[2025-07-06 04:03:15] [WARNING] Login fallido: contraseña incorrecta para el usuario: admin
[2025-07-06 04:03:15] [INFO] Intento de login registrado para el usuario: admin con resultado: 0
[2025-07-06 04:03:42] [WARNING] Secreto con formato inválido: root2514
[2025-07-06 04:03:42] [INFO] Usuario encontrado en base de datos: admin
[2025-07-06 04:03:42] [WARNING] Login fallido: contraseña incorrecta para el usuario: admin
[2025-07-06 04:03:42] [INFO] Intento de login registrado para el usuario: admin con resultado: 0
[2025-07-06 04:09:01] [WARNING] Secreto con formato inválido: root2514
[2025-07-06 04:11:16] [WARNING] Secreto con formato inválido: root2514
[2025-07-06 04:11:17] [INFO] Hash temporal generado para pruebas: $2y$13$fmYO7qSGfZSmghFb1O3CZ.2QkY5rtauDl4tGUIDbZKPYv4jlhn2M2
[2025-07-06 04:11:17] [INFO] Usuario encontrado en base de datos: admin
[2025-07-06 04:11:17] [WARNING] Login fallido: contraseña incorrecta para el usuario: admin
[2025-07-06 04:11:17] [INFO] Intento de login registrado para el usuario: admin con resultado: 0
[2025-07-06 04:11:26] [WARNING] Secreto con formato inválido: root2514
[2025-07-06 04:11:27] [INFO] Hash temporal generado para pruebas: $2y$13$tnsSmYu3MBbNp4Iux40cz.N8wlitLgiwf4xwJh3X6tIVE5uX4sOHG
[2025-07-06 04:11:27] [INFO] Usuario encontrado en base de datos: admin
[2025-07-06 04:11:27] [WARNING] Login fallido: contraseña incorrecta para el usuario: admin
[2025-07-06 04:11:27] [INFO] Intento de login registrado para el usuario: admin con resultado: 0
[2025-07-06 04:12:26] [WARNING] Secreto con formato inválido: root2514
[2025-07-06 04:12:27] [INFO] Hash temporal generado para pruebas: $2y$13$4QA1GCIm0wjZslYbfK8f4OC8TSzRTDhZuNxN6QJuD0b9KolPPJYP.
[2025-07-06 04:12:27] [INFO] Usuario encontrado en base de datos: admin
[2025-07-06 04:12:27] [WARNING] Login fallido: contraseña incorrecta para el usuario: admin
[2025-07-06 04:12:27] [INFO] Intento de login registrado para el usuario: admin con resultado: 0
[2025-07-06 04:13:34] [WARNING] Secreto con formato inválido: root2514
[2025-07-06 04:13:35] [INFO] Hash temporal generado para pruebas: $2y$13$WQoQH8VvRGfRu04Ru.ZumOKmCRD2qVRCfpF7KIv.b4MoC0kUKaz8m
[2025-07-06 04:13:35] [INFO] Usuario encontrado en base de datos: admin
[2025-07-06 04:13:35] [WARNING] Usuario no encontrado:  y 
[2025-07-06 04:13:35] [WARNING] Login fallido: contraseña incorrecta para el usuario: admin
[2025-07-06 04:13:35] [INFO] Intento de login registrado para el usuario: admin con resultado: 0
[2025-07-06 04:15:52] [WARNING] Secreto con formato inválido: root2514
[2025-07-06 04:15:53] [INFO] Hash temporal generado para pruebas: $2y$13$VC9fUsKQJm119BbGN4evA.n0HJpDZ2CN3kNUO43bvQvgBjRRFPq8m
[2025-07-06 04:15:53] [INFO] Usuario encontrado en base de datos: admin
[2025-07-06 04:15:53] [INFO] Verificando contraseña: entrada: '' vs hash: ''
[2025-07-06 04:15:53] [WARNING] Login fallido: contraseña incorrecta para el usuario: admin
[2025-07-06 04:15:53] [INFO] Intento de login registrado para el usuario: admin con resultado: 0
[2025-07-06 04:18:33] [INFO] Hash temporal generado para pruebas: $2y$13$CG5cBkmGEN75Jmj/CMAEG.8kjzNYxCTmI09DfJKPGWHpB8gxXH5iC
[2025-07-06 04:18:33] [INFO] Usuario encontrado en base de datos: admin
[2025-07-06 04:18:33] [INFO] Verificando contraseña: entrada: 'root2514' vs hash: ''
[2025-07-06 04:18:33] [WARNING] Login fallido: contraseña incorrecta para el usuario: admin
[2025-07-06 04:18:33] [INFO] Intento de login registrado para el usuario: admin con resultado: 0
[2025-07-06 04:19:33] [INFO] Hash temporal generado para pruebas: $2y$13$Kb90i.gLaoLFguGXgbiOXuQQZwKldSHv1EM/RZM.nead4Ro3b0qtG
[2025-07-06 04:19:33] [INFO] Usuario encontrado en base de datos: admin
[2025-07-06 04:19:33] [INFO] Verificando contraseña: entrada: 'root2514' vs hash: '$2y$13$tnsSmYu3MBbNp4Iux40cz.N8wlitLgiwf4xwJh3X6tIVE5uX4sOHG'
[2025-07-06 04:19:34] [WARNING] Login fallido: contraseña incorrecta para el usuario: admin
[2025-07-06 04:19:34] [INFO] Intento de login registrado para el usuario: admin con resultado: 0
[2025-07-06 04:21:24] [INFO] Hash temporal generado para pruebas: $2y$13$q0W5dclvl17jIH/ou5QI1eMvm.qZRrXf0ia/JFxqlZjVN1OsvNlzO
[2025-07-06 04:21:24] [INFO] Usuario encontrado en base de datos: admin
[2025-07-06 04:21:24] [INFO] Verificando contraseña: entrada: 'root2514' vs hash: '$2y$13$7t7dEoMSEUSKnz/O2Cu89.3L84AvV7Eclq0f7ZdjxzYo9R6vCGaUm'
[2025-07-06 04:21:25] [WARNING] Login fallido: contraseña incorrecta para el usuario: admin
[2025-07-06 04:21:25] [INFO] Intento de login registrado para el usuario: admin con resultado: 0
[2025-07-07 00:14:01] [INFO] Hash temporal generado para pruebas: $2y$13$Jxgud/P1zmuI4lM9IS1YNegSWrIJDzzt6kmiaX2vBWC3H2OMqb7R.
[2025-07-07 00:14:01] [WARNING] Usuario no encontrado: root
[2025-07-07 00:14:14] [INFO] Hash temporal generado para pruebas: $2y$13$Qu3EwyH4WgJMVJQc9R1Z2.ROaDwpoqeyfrrXz81OCQi3cdGqf1QXa
[2025-07-07 00:14:14] [INFO] Usuario encontrado en base de datos: admin
[2025-07-07 00:14:14] [INFO] Verificando contraseña: entrada: 'root2514' vs hash: '$2y$13$SQGYjGUqIE05b7eLUYVdrutGQLoRcd0JiGHt16ZvIhNjIvPPOrVgK'
[2025-07-07 00:14:15] [INFO] Login exitoso para el usuario: admin
[2025-07-14 13:17:31] [INFO] Hash temporal generado para pruebas: $2y$13$xTsNa77O9MxfXgGkv/20Re.TFhI0.qeXF/hRd2xubAPKZ8nCJRALi
[2025-07-14 13:17:31] [INFO] Usuario encontrado en base de datos: admin
[2025-07-14 13:17:31] [INFO] Verificando contraseña: entrada: 'root2514' vs hash: '$2y$13$7t7dEoMSEUSKnz/O2Cu89.3L84AvV7Eclq0f7ZdjxzYo9R6vCGaUm'
[2025-07-14 13:17:32] [WARNING] Login fallido: contraseña incorrecta para el usuario: admin
[2025-07-14 13:17:32] [INFO] Intento de login registrado para el usuario: admin con resultado: 0
[2025-07-14 13:17:47] [INFO] Hash temporal generado para pruebas: $2y$13$QM06e2eF2GWzbP8yIhLVMeT0y9Sajf0ljVCoeOHIsDenqv20gbE9y
[2025-07-14 13:17:47] [INFO] Usuario encontrado en base de datos: admin
[2025-07-14 13:17:47] [INFO] Verificando contraseña: entrada: 'root2514' vs hash: '$2y$13$7t7dEoMSEUSKnz/O2Cu89.3L84AvV7Eclq0f7ZdjxzYo9R6vCGaUm'
[2025-07-14 13:17:47] [WARNING] Login fallido: contraseña incorrecta para el usuario: admin
[2025-07-14 13:17:47] [INFO] Intento de login registrado para el usuario: admin con resultado: 0
[2025-07-14 13:18:04] [INFO] Hash temporal generado para pruebas: $2y$13$vXkW79zwXrxM27sq581CxOaH2I9ujWKIYawPzT8ClTV8nnLvhHNH6
[2025-07-14 13:18:04] [INFO] Usuario encontrado en base de datos: admin
[2025-07-14 13:18:04] [INFO] Verificando contraseña: entrada: 'root2514' vs hash: '$2y$13$7t7dEoMSEUSKnz/O2Cu89.3L84AvV7Eclq0f7ZdjxzYo9R6vCGaUm'
[2025-07-14 13:18:05] [WARNING] Login fallido: contraseña incorrecta para el usuario: admin
[2025-07-14 13:18:05] [INFO] Intento de login registrado para el usuario: admin con resultado: 0
[2025-07-14 14:31:07] [INFO] Hash temporal generado para pruebas: $2y$13$rSNe7hWVsSdV4EmsbQWvTeg7ADJ6xlUup2kHiOYeYvh9ygQhpeFOK
[2025-07-14 14:31:07] [INFO] Usuario encontrado en base de datos: admin
[2025-07-14 14:31:07] [INFO] Verificando contraseña: entrada: 'root2514' vs hash: '$2y$13$7t7dEoMSEUSKnz/O2Cu89.3L84AvV7Eclq0f7ZdjxzYo9R6vCGaUm'
[2025-07-14 14:31:07] [WARNING] Login fallido: contraseña incorrecta para el usuario: admin
[2025-07-14 14:31:07] [INFO] Intento de login registrado para el usuario: admin con resultado: 0
[2025-07-14 14:31:19] [INFO] Hash temporal generado para pruebas: $2y$13$AyMWqNfSVJ623mbx5WfKbOreqlSCMaKZrZgdPsGL9sM6DLs4dWxPq
[2025-07-14 14:31:19] [INFO] Usuario encontrado en base de datos: admin
[2025-07-14 14:31:19] [INFO] Verificando contraseña: entrada: 'root2514' vs hash: '$2y$13$7t7dEoMSEUSKnz/O2Cu89.3L84AvV7Eclq0f7ZdjxzYo9R6vCGaUm'
[2025-07-14 14:31:20] [WARNING] Login fallido: contraseña incorrecta para el usuario: admin
[2025-07-14 14:31:20] [INFO] Intento de login registrado para el usuario: admin con resultado: 0
[2025-07-14 14:32:49] [INFO] Hash temporal generado para pruebas: $2y$13$jutOqtCPeaLRyOYTYUYoy.Ofpji8oRx5AukSRtHGKD/lsqhWD5UNi
[2025-07-14 14:32:49] [WARNING] Usuario no encontrado: root
[2025-07-14 14:33:09] [INFO] Hash temporal generado para pruebas: $2y$13$FEG7CLs8I1YeDq0UXYcklODTxpHxDUG5p7n7KdKleq7tH3Y/TEn9K
[2025-07-14 14:33:09] [INFO] Usuario encontrado en base de datos: admin
[2025-07-14 14:33:09] [INFO] Verificando contraseña: entrada: 'root2514' vs hash: '$2y$13$7t7dEoMSEUSKnz/O2Cu89.3L84AvV7Eclq0f7ZdjxzYo9R6vCGaUm'
[2025-07-14 14:33:09] [WARNING] Login fallido: contraseña incorrecta para el usuario: admin
[2025-07-14 14:33:09] [INFO] Intento de login registrado para el usuario: admin con resultado: 0
[2025-07-14 18:40:37] [INFO] Hash temporal generado para pruebas: $2y$13$6IrRGJtwwGvRjaIRMX605ui5hudh6TjObO6VRtIIf7dUkCk15RkNy
[2025-07-14 18:40:37] [INFO] Usuario encontrado en base de datos: admin
[2025-07-14 18:40:37] [INFO] Verificando contraseña: entrada: 'root2514' vs hash: '$2y$13$7t7dEoMSEUSKnz/O2Cu89.3L84AvV7Eclq0f7ZdjxzYo9R6vCGaUm'
[2025-07-14 18:40:37] [WARNING] Login fallido: contraseña incorrecta para el usuario: admin
[2025-07-14 18:40:37] [INFO] Intento de login registrado para el usuario: admin con resultado: 0
